<?xml version="1.0" encoding="UTF-8" ?>
<testsuite tests="1" failures="0" name="wisdomnewhome.DataTest" time="0.451" errors="0" skipped="0">
  <properties>
    <property name="java.runtime.name" value="Java(TM) SE Runtime Environment"/>
    <property name="sun.boot.library.path" value="D:\WorkProgram\226\_java_dev_env\_java_dev_env\java\jdk1.8.0_111\jre\bin"/>
    <property name="java.vm.version" value="25.111-b14"/>
    <property name="java.vm.vendor" value="Oracle Corporation"/>
    <property name="maven.multiModuleProjectDirectory" value="D:\WorkProgram\226\_java_dev_env\_java_dev_env\workspace\wisdomnewhome"/>
    <property name="java.vendor.url" value="http://java.oracle.com/"/>
    <property name="path.separator" value=";"/>
    <property name="guice.disable.misplaced.annotation.check" value="true"/>
    <property name="java.vm.name" value="Java HotSpot(TM) 64-Bit Server VM"/>
    <property name="file.encoding.pkg" value="sun.io"/>
    <property name="user.script" value=""/>
    <property name="user.country" value="CN"/>
    <property name="sun.java.launcher" value="SUN_STANDARD"/>
    <property name="sun.os.patch.level" value=""/>
    <property name="java.vm.specification.name" value="Java Virtual Machine Specification"/>
    <property name="user.dir" value="D:\WorkProgram\226\_java_dev_env\_java_dev_env\workspace\wisdomnewhome"/>
    <property name="java.runtime.version" value="1.8.0_111-b14"/>
    <property name="java.awt.graphicsenv" value="sun.awt.Win32GraphicsEnvironment"/>
    <property name="java.endorsed.dirs" value="D:\WorkProgram\226\_java_dev_env\_java_dev_env\java\jdk1.8.0_111\jre\lib\endorsed"/>
    <property name="os.arch" value="amd64"/>
    <property name="java.io.tmpdir" value="C:\Users\WF\AppData\Local\Temp\"/>
    <property name="line.separator" value="
"/>
    <property name="java.vm.specification.vendor" value="Oracle Corporation"/>
    <property name="user.variant" value=""/>
    <property name="os.name" value="Windows 10"/>
    <property name="classworlds.conf" value="D:\WorkProgram\226\_java_dev_env\_java_dev_env\workspace\.metadata\.plugins\org.eclipse.m2e.launching\launches\m2conf2051212603418462361.tmp"/>
    <property name="sun.jnu.encoding" value="GBK"/>
    <property name="java.library.path" value="D:\WorkProgram\226\_java_dev_env\_java_dev_env\java\jdk1.8.0_111\bin;C:\WINDOWS\Sun\Java\bin;C:\WINDOWS\system32;C:\WINDOWS;D:/WorkProgram/226/_java_dev_env/_java_dev_env/java/jdk1.8.0_111/bin/../jre/bin/server;D:/WorkProgram/226/_java_dev_env/_java_dev_env/java/jdk1.8.0_111/bin/../jre/bin;D:/WorkProgram/226/_java_dev_env/_java_dev_env/java/jdk1.8.0_111/bin/../jre/lib/amd64;D:\WorkProgram\226\_java_dev_env\_java_dev_env\java\jdk1.8.0_111\bin;D:\WorkProgram\226\_java_dev_env\_java_dev_env\java\jdk1.8.0_111\jre\bin;C:\Program Files\MySQL\MySQL Utilities 1.6\;C:\Program Files\MySQL\MySQL Server 5.7\bin;D:\WorkProgram\Tools\UltriEdit;D:\WorkProgram\226\_java_dev_env\_java_dev_env\maven\apache-maven-3.5.2;\bin;D:\WorkProgram\226\_java_dev_env\_java_dev_env\maven\apache-maven-3.5.2\bin;D:\WorkProgram\Tools\ZooKeeper\zookeeper-3.4.10\zookeeper-3.4.10\bin;D:\WorkProgram\Tools\ZooKeeper\zookeeper-3.4.10\zookeeper-3.4.10\conf ;%CATANA_HOME%\bin;C:\WINDOWS\system32;C:\WINDOWS;C:\WINDOWS\System32\Wbem;C:\WINDOWS\System32\WindowsPowerShell\v1.0\;D:\WorkProgram\Tools\Python\Python36;D:\WorkProgram\Tools\Python\Python36\Scripts;C:\Users\WF\AppData\Local\Microsoft\WindowsApps;D:\WorkProgram\226\_java_dev_env\_java_dev_env\sts\sts-3.9.1.RELEASE;;."/>
    <property name="java.specification.name" value="Java Platform API Specification"/>
    <property name="java.class.version" value="52.0"/>
    <property name="sun.management.compiler" value="HotSpot 64-Bit Tiered Compilers"/>
    <property name="os.version" value="10.0"/>
    <property name="user.home" value="C:\Users\WF"/>
    <property name="user.timezone" value="Asia/Shanghai"/>
    <property name="java.awt.printerjob" value="sun.awt.windows.WPrinterJob"/>
    <property name="java.specification.version" value="1.8"/>
    <property name="file.encoding" value="UTF-8"/>
    <property name="user.name" value="WF"/>
    <property name="java.class.path" value="D:\WorkProgram\226\_java_dev_env\_java_dev_env\maven\apache-maven-3.5.2\boot\plexus-classworlds-2.5.2.jar"/>
    <property name="java.vm.specification.version" value="1.8"/>
    <property name="sun.arch.data.model" value="64"/>
    <property name="java.home" value="D:\WorkProgram\226\_java_dev_env\_java_dev_env\java\jdk1.8.0_111\jre"/>
    <property name="sun.java.command" value="org.codehaus.plexus.classworlds.launcher.Launcher -B -gs D:\WorkProgram\226\_java_dev_env\_java_dev_env\maven\apache-maven-3.5.2\conf\settings.xml -s D:\WorkProgram\226\_java_dev_env\_java_dev_env\maven\apache-maven-3.5.2\conf\settings.xml install"/>
    <property name="java.specification.vendor" value="Oracle Corporation"/>
    <property name="user.language" value="zh"/>
    <property name="awt.toolkit" value="sun.awt.windows.WToolkit"/>
    <property name="java.vm.info" value="mixed mode"/>
    <property name="java.version" value="1.8.0_111"/>
    <property name="java.ext.dirs" value="D:\WorkProgram\226\_java_dev_env\_java_dev_env\java\jdk1.8.0_111\jre\lib\ext;C:\WINDOWS\Sun\Java\lib\ext"/>
    <property name="sun.boot.class.path" value="D:\WorkProgram\226\_java_dev_env\_java_dev_env\java\jdk1.8.0_111\jre\lib\resources.jar;D:\WorkProgram\226\_java_dev_env\_java_dev_env\java\jdk1.8.0_111\jre\lib\rt.jar;D:\WorkProgram\226\_java_dev_env\_java_dev_env\java\jdk1.8.0_111\jre\lib\sunrsasign.jar;D:\WorkProgram\226\_java_dev_env\_java_dev_env\java\jdk1.8.0_111\jre\lib\jsse.jar;D:\WorkProgram\226\_java_dev_env\_java_dev_env\java\jdk1.8.0_111\jre\lib\jce.jar;D:\WorkProgram\226\_java_dev_env\_java_dev_env\java\jdk1.8.0_111\jre\lib\charsets.jar;D:\WorkProgram\226\_java_dev_env\_java_dev_env\java\jdk1.8.0_111\jre\lib\jfr.jar;D:\WorkProgram\226\_java_dev_env\_java_dev_env\java\jdk1.8.0_111\jre\classes"/>
    <property name="java.vendor" value="Oracle Corporation"/>
    <property name="maven.home" value="D:\WorkProgram\226\_java_dev_env\_java_dev_env\maven\apache-maven-3.5.2"/>
    <property name="file.separator" value="\"/>
    <property name="java.vendor.url.bug" value="http://bugreport.sun.com/bugreport/"/>
    <property name="sun.cpu.endian" value="little"/>
    <property name="sun.io.unicode.encoding" value="UnicodeLittle"/>
    <property name="sun.desktop" value="windows"/>
    <property name="sun.cpu.isalist" value="amd64"/>
  </properties>
  <testcase classname="wisdomnewhome.DataTest" name="testAverage" time="0.451"/>
</testsuite>